ARM GAS  /tmp/ccwv3AUq.s 			page 1


   1              		.cpu cortex-m4
   2              		.arch armv7e-m
   3              		.fpu fpv4-sp-d16
   4              		.eabi_attribute 27, 1
   5              		.eabi_attribute 28, 1
   6              		.eabi_attribute 20, 1
   7              		.eabi_attribute 21, 1
   8              		.eabi_attribute 23, 3
   9              		.eabi_attribute 24, 1
  10              		.eabi_attribute 25, 1
  11              		.eabi_attribute 26, 1
  12              		.eabi_attribute 30, 1
  13              		.eabi_attribute 34, 1
  14              		.eabi_attribute 18, 4
  15              		.file	"package.c"
  16              		.text
  17              	.Ltext0:
  18              		.cfi_sections	.debug_frame
  19              		.file 1 "Core/Src/package.c"
  20              		.section	.text.fromVector,"ax",%progbits
  21              		.align	1
  22              		.global	fromVector
  23              		.syntax unified
  24              		.thumb
  25              		.thumb_func
  27              	fromVector:
  28              	.LVL0:
  29              	.LFB0:
   1:Core/Src/package.c **** #include "package.h"
   2:Core/Src/package.c **** 
   3:Core/Src/package.c **** void fromVector(uint8_t *data, ReceivePacket *pkg) {
  30              		.loc 1 3 52 view -0
  31              		.cfi_startproc
  32              		@ args = 0, pretend = 0, frame = 0
  33              		@ frame_needed = 0, uses_anonymous_args = 0
  34              		@ link register save eliminated.
   4:Core/Src/package.c ****   for (int i = 0; i < sizeof(ReceivePacket); ++i) {
  35              		.loc 1 4 3 view .LVU1
  36              	.LBB2:
  37              		.loc 1 4 8 view .LVU2
  38              		.loc 1 4 12 is_stmt 0 view .LVU3
  39 0000 0023     		movs	r3, #0
  40              		.loc 1 4 3 view .LVU4
  41 0002 02E0     		b	.L2
  42              	.LVL1:
  43              	.L3:
   5:Core/Src/package.c ****     ((uint8_t *)pkg)[i] = data[i];
  44              		.loc 1 5 5 is_stmt 1 view .LVU5
  45              		.loc 1 5 31 is_stmt 0 view .LVU6
  46 0004 C25C     		ldrb	r2, [r0, r3]	@ zero_extendqisi2
  47              		.loc 1 5 25 view .LVU7
  48 0006 CA54     		strb	r2, [r1, r3]
   4:Core/Src/package.c ****   for (int i = 0; i < sizeof(ReceivePacket); ++i) {
  49              		.loc 1 4 46 is_stmt 1 discriminator 3 view .LVU8
  50 0008 0133     		adds	r3, r3, #1
  51              	.LVL2:
  52              	.L2:
ARM GAS  /tmp/ccwv3AUq.s 			page 2


   4:Core/Src/package.c ****   for (int i = 0; i < sizeof(ReceivePacket); ++i) {
  53              		.loc 1 4 21 discriminator 1 view .LVU9
  54 000a 2F2B     		cmp	r3, #47
  55 000c FAD9     		bls	.L3
  56              	.LBE2:
   6:Core/Src/package.c ****   }
   7:Core/Src/package.c **** }
  57              		.loc 1 7 1 is_stmt 0 view .LVU10
  58 000e 7047     		bx	lr
  59              		.cfi_endproc
  60              	.LFE0:
  62              		.text
  63              	.Letext0:
  64              		.file 2 "/usr/arm-none-eabi/include/machine/_default_types.h"
  65              		.file 3 "/usr/arm-none-eabi/include/sys/_stdint.h"
  66              		.file 4 "Core/Inc/package.h"
ARM GAS  /tmp/ccwv3AUq.s 			page 3


DEFINED SYMBOLS
                            *ABS*:00000000 package.c
     /tmp/ccwv3AUq.s:21     .text.fromVector:00000000 $t
     /tmp/ccwv3AUq.s:27     .text.fromVector:00000000 fromVector

NO UNDEFINED SYMBOLS
